nginx-accesssssssssssssssloggggggggggggggggg111111
nginx-accesssssssssssssssloggggggggggggggggg22222222
nginx-accesssssssssssssssloggggggggggggggggg3333333333
nginx-accesssssssssssssssloggggggggggggggggg4444444444444
redis-aoffffffffffffffffffffffffffffffffffffffffff1111111
redis-aoffffffffffffffffffffffffffffffffffffffffff222222222222
redis-aoffffffffffffffffffffffffffffffffffffffffffnewwwwwwwwwwwwwwwwwww
redis-aoffffffffffffffffffffffffffffffffffffffffffnewwwwwwwwwwwwwwwwwww1111111111111111111
redis-aoffffffffffffffffffffffffffffffffffffffffffnewwwwwwwwwwwwwwwwwww444444444444444444444444444444
uuuuuuuuuuuuuuuuuuuuuuuuuuuuuuuuuuuuuuuuuuuuuuuuuuuuuuuuu
ddddddddddddddddddddddddddddddddddddddd
9800000000000000000000000000000000000000000000000000000000000
999999999999999999999999999999999999999999
eeeeeeeeeeeeeeeeeeeeeeeeeeeeeeeeeeeeeeeeeeeeee
99999999999999999999999999999999999999
tessssssssssssssssssssssssssttttttttttttttttttttttt
tessssssssssssssssssssssssssttttttttttttttttttttttt
tessssssssssssssssssssssssssttttttttttttttttttttttt
tessssssssssssssssssssssssssttttttttttttttttttttttt
tessssssssssssssssssssssssssttttttttttttttttttttttt
tessssssssssssssssssssssssssttttttttttttttttttttttt
tessssssssssssssssssssssssssttttttttttttttttttttttt
tessssssssssssssssssssssssssttttttttttttttttttttttt
redis-aoffffffffffffffffffffffffffffffffffffffffff1111111
redis-aoffffffffffffffffffffffffffffffffffffffffff222222222222
redis-aoffffffffffffffffffffffffffffffffffffffffffnewwwwwwwwwwwwwwwwwww
redis-aoffffffffffffffffffffffffffffffffffffffffffnewwwwwwwwwwwwwwwwwww1111111111111111111
redis-aoffffffffffffffffffffffffffffffffffffffffffnewwwwwwwwwwwwwwwwwww444444444444444444444444444444
uuuuuuuuuuuuuuuuuuuuuuuuuuuuuuuuuuuuuuuuuuuuuuuuuuuuuuuuu
ddddddddddddddddddddddddddddddddddddddd
9800000000000000000000000000000000000000000000000000000000000
999999999999999999999999999999999999999999
eeeeeeeeeeeeeeeeeeeeeeeeeeeeeeeeeeeeeeeeeeeeee
99999999999999999999999999999999999999
tessssssssssssssssssssssssssttttttttttttttttttttttt
tessssssssssssssssssssssssssttttttttttttttttttttttt
tessssssssssssssssssssssssssttttttttttttttttttttttt
tessssssssssssssssssssssssssttttttttttttttttttttttt
tessssssssssssssssssssssssssttttttttttttttttttttttt
tessssssssssssssssssssssssssttttttttttttttttttttttt
tessssssssssssssssssssssssssttttttttttttttttttttttt
tessssssssssssssssssssssssssttttttttttttttttttttttt
redis-aoffffffffffffffffffffffffffffffffffffffffff1111111
redis-aoffffffffffffffffffffffffffffffffffffffffff222222222222
redis-aoffffffffffffffffffffffffffffffffffffffffffnewwwwwwwwwwwwwwwwwww
redis-aoffffffffffffffffffffffffffffffffffffffffffnewwwwwwwwwwwwwwwwwww1111111111111111111
redis-aoffffffffffffffffffffffffffffffffffffffffffnewwwwwwwwwwwwwwwwwww444444444444444444444444444444
uuuuuuuuuuuuuuuuuuuuuuuuuuuuuuuuuuuuuuuuuuuuuuuuuuuuuuuuu
ddddddddddddddddddddddddddddddddddddddd
9800000000000000000000000000000000000000000000000000000000000
999999999999999999999999999999999999999999
eeeeeeeeeeeeeeeeeeeeeeeeeeeeeeeeeeeeeeeeeeeeee
99999999999999999999999999999999999999
tessssssssssssssssssssssssssttttttttttttttttttttttt
tessssssssssssssssssssssssssttttttttttttttttttttttt
tessssssssssssssssssssssssssttttttttttttttttttttttt
tessssssssssssssssssssssssssttttttttttttttttttttttt
tessssssssssssssssssssssssssttttttttttttttttttttttt
tessssssssssssssssssssssssssttttttttttttttttttttttt
tessssssssssssssssssssssssssttttttttttttttttttttttt
tessssssssssssssssssssssssssttttttttttttttttttttttt
redis-aoffffffffffffffffffffffffffffffffffffffffff1111111
redis-aoffffffffffffffffffffffffffffffffffffffffff222222222222
redis-aoffffffffffffffffffffffffffffffffffffffffffnewwwwwwwwwwwwwwwwwww
redis-aoffffffffffffffffffffffffffffffffffffffffffnewwwwwwwwwwwwwwwwwww1111111111111111111
redis-aoffffffffffffffffffffffffffffffffffffffffffnewwwwwwwwwwwwwwwwwww444444444444444444444444444444
uuuuuuuuuuuuuuuuuuuuuuuuuuuuuuuuuuuuuuuuuuuuuuuuuuuuuuuuu
ddddddddddddddddddddddddddddddddddddddd
9800000000000000000000000000000000000000000000000000000000000
999999999999999999999999999999999999999999
eeeeeeeeeeeeeeeeeeeeeeeeeeeeeeeeeeeeeeeeeeeeee
99999999999999999999999999999999999999
tessssssssssssssssssssssssssttttttttttttttttttttttt
tessssssssssssssssssssssssssttttttttttttttttttttttt
tessssssssssssssssssssssssssttttttttttttttttttttttt
tessssssssssssssssssssssssssttttttttttttttttttttttt
tessssssssssssssssssssssssssttttttttttttttttttttttt
tessssssssssssssssssssssssssttttttttttttttttttttttt
tessssssssssssssssssssssssssttttttttttttttttttttttt
tessssssssssssssssssssssssssttttttttttttttttttttttt
redis-aoffffffffffffffffffffffffffffffffffffffffff1111111
redis-aoffffffffffffffffffffffffffffffffffffffffff222222222222
redis-aoffffffffffffffffffffffffffffffffffffffffffnewwwwwwwwwwwwwwwwwww
redis-aoffffffffffffffffffffffffffffffffffffffffffnewwwwwwwwwwwwwwwwwww1111111111111111111
redis-aoffffffffffffffffffffffffffffffffffffffffffnewwwwwwwwwwwwwwwwwww444444444444444444444444444444
uuuuuuuuuuuuuuuuuuuuuuuuuuuuuuuuuuuuuuuuuuuuuuuuuuuuuuuuu
ddddddddddddddddddddddddddddddddddddddd
9800000000000000000000000000000000000000000000000000000000000
999999999999999999999999999999999999999999
eeeeeeeeeeeeeeeeeeeeeeeeeeeeeeeeeeeeeeeeeeeeee
99999999999999999999999999999999999999
tessssssssssssssssssssssssssttttttttttttttttttttttt
tessssssssssssssssssssssssssttttttttttttttttttttttt
tessssssssssssssssssssssssssttttttttttttttttttttttt
tessssssssssssssssssssssssssttttttttttttttttttttttt
tessssssssssssssssssssssssssttttttttttttttttttttttt
tessssssssssssssssssssssssssttttttttttttttttttttttt
tessssssssssssssssssssssssssttttttttttttttttttttttt
tessssssssssssssssssssssssssttttttttttttttttttttttt
redis-aoffffffffffffffffffffffffffffffffffffffffff1111111
redis-aoffffffffffffffffffffffffffffffffffffffffff222222222222
redis-aoffffffffffffffffffffffffffffffffffffffffffnewwwwwwwwwwwwwwwwwww
redis-aoffffffffffffffffffffffffffffffffffffffffffnewwwwwwwwwwwwwwwwwww1111111111111111111
redis-aoffffffffffffffffffffffffffffffffffffffffffnewwwwwwwwwwwwwwwwwww444444444444444444444444444444
uuuuuuuuuuuuuuuuuuuuuuuuuuuuuuuuuuuuuuuuuuuuuuuuuuuuuuuuu
ddddddddddddddddddddddddddddddddddddddd
9800000000000000000000000000000000000000000000000000000000000
999999999999999999999999999999999999999999
eeeeeeeeeeeeeeeeeeeeeeeeeeeeeeeeeeeeeeeeeeeeee
99999999999999999999999999999999999999
tessssssssssssssssssssssssssttttttttttttttttttttttt
tessssssssssssssssssssssssssttttttttttttttttttttttt
tessssssssssssssssssssssssssttttttttttttttttttttttt
tessssssssssssssssssssssssssttttttttttttttttttttttt
tessssssssssssssssssssssssssttttttttttttttttttttttt
tessssssssssssssssssssssssssttttttttttttttttttttttt
tessssssssssssssssssssssssssttttttttttttttttttttttt
tessssssssssssssssssssssssssttttttttttttttttttttttt
redis-aoffffffffffffffffffffffffffffffffffffffffff1111111
redis-aoffffffffffffffffffffffffffffffffffffffffff222222222222
redis-aoffffffffffffffffffffffffffffffffffffffffffnewwwwwwwwwwwwwwwwwww
redis-aoffffffffffffffffffffffffffffffffffffffffffnewwwwwwwwwwwwwwwwwww1111111111111111111
redis-aoffffffffffffffffffffffffffffffffffffffffffnewwwwwwwwwwwwwwwwwww444444444444444444444444444444
uuuuuuuuuuuuuuuuuuuuuuuuuuuuuuuuuuuuuuuuuuuuuuuuuuuuuuuuu
ddddddddddddddddddddddddddddddddddddddd
9800000000000000000000000000000000000000000000000000000000000
999999999999999999999999999999999999999999
eeeeeeeeeeeeeeeeeeeeeeeeeeeeeeeeeeeeeeeeeeeeee
99999999999999999999999999999999999999
tessssssssssssssssssssssssssttttttttttttttttttttttt
tessssssssssssssssssssssssssttttttttttttttttttttttt
tessssssssssssssssssssssssssttttttttttttttttttttttt
tessssssssssssssssssssssssssttttttttttttttttttttttt
tessssssssssssssssssssssssssttttttttttttttttttttttt
tessssssssssssssssssssssssssttttttttttttttttttttttt
tessssssssssssssssssssssssssttttttttttttttttttttttt
tessssssssssssssssssssssssssttttttttttttttttttttttt
redis-aoffffffffffffffffffffffffffffffffffffffffff1111111
redis-aoffffffffffffffffffffffffffffffffffffffffff222222222222
redis-aoffffffffffffffffffffffffffffffffffffffffffnewwwwwwwwwwwwwwwwwww
redis-aoffffffffffffffffffffffffffffffffffffffffffnewwwwwwwwwwwwwwwwwww1111111111111111111
redis-aoffffffffffffffffffffffffffffffffffffffffffnewwwwwwwwwwwwwwwwwww444444444444444444444444444444
uuuuuuuuuuuuuuuuuuuuuuuuuuuuuuuuuuuuuuuuuuuuuuuuuuuuuuuuu
ddddddddddddddddddddddddddddddddddddddd
9800000000000000000000000000000000000000000000000000000000000
999999999999999999999999999999999999999999
eeeeeeeeeeeeeeeeeeeeeeeeeeeeeeeeeeeeeeeeeeeeee
99999999999999999999999999999999999999
tessssssssssssssssssssssssssttttttttttttttttttttttt
tessssssssssssssssssssssssssttttttttttttttttttttttt
tessssssssssssssssssssssssssttttttttttttttttttttttt
tessssssssssssssssssssssssssttttttttttttttttttttttt
tessssssssssssssssssssssssssttttttttttttttttttttttt
tessssssssssssssssssssssssssttttttttttttttttttttttt
tessssssssssssssssssssssssssttttttttttttttttttttttt
tessssssssssssssssssssssssssttttttttttttttttttttttt
redis-aoffffffffffffffffffffffffffffffffffffffffff1111111
redis-aoffffffffffffffffffffffffffffffffffffffffff222222222222
redis-aoffffffffffffffffffffffffffffffffffffffffffnewwwwwwwwwwwwwwwwwww
redis-aoffffffffffffffffffffffffffffffffffffffffffnewwwwwwwwwwwwwwwwwww1111111111111111111
redis-aoffffffffffffffffffffffffffffffffffffffffffnewwwwwwwwwwwwwwwwwww444444444444444444444444444444
uuuuuuuuuuuuuuuuuuuuuuuuuuuuuuuuuuuuuuuuuuuuuuuuuuuuuuuuu
ddddddddddddddddddddddddddddddddddddddd
9800000000000000000000000000000000000000000000000000000000000
999999999999999999999999999999999999999999
eeeeeeeeeeeeeeeeeeeeeeeeeeeeeeeeeeeeeeeeeeeeee
99999999999999999999999999999999999999
tessssssssssssssssssssssssssttttttttttttttttttttttt
tessssssssssssssssssssssssssttttttttttttttttttttttt
tessssssssssssssssssssssssssttttttttttttttttttttttt
tessssssssssssssssssssssssssttttttttttttttttttttttt
tessssssssssssssssssssssssssttttttttttttttttttttttt
tessssssssssssssssssssssssssttttttttttttttttttttttt
tessssssssssssssssssssssssssttttttttttttttttttttttt
tessssssssssssssssssssssssssttttttttttttttttttttttt
redis-aoffffffffffffffffffffffffffffffffffffffffff1111111
redis-aoffffffffffffffffffffffffffffffffffffffffff222222222222
redis-aoffffffffffffffffffffffffffffffffffffffffffnewwwwwwwwwwwwwwwwwww
redis-aoffffffffffffffffffffffffffffffffffffffffffnewwwwwwwwwwwwwwwwwww1111111111111111111
redis-aoffffffffffffffffffffffffffffffffffffffffffnewwwwwwwwwwwwwwwwwww444444444444444444444444444444
uuuuuuuuuuuuuuuuuuuuuuuuuuuuuuuuuuuuuuuuuuuuuuuuuuuuuuuuu
ddddddddddddddddddddddddddddddddddddddd
9800000000000000000000000000000000000000000000000000000000000
999999999999999999999999999999999999999999
eeeeeeeeeeeeeeeeeeeeeeeeeeeeeeeeeeeeeeeeeeeeee
99999999999999999999999999999999999999
tessssssssssssssssssssssssssttttttttttttttttttttttt
tessssssssssssssssssssssssssttttttttttttttttttttttt
tessssssssssssssssssssssssssttttttttttttttttttttttt
tessssssssssssssssssssssssssttttttttttttttttttttttt
tessssssssssssssssssssssssssttttttttttttttttttttttt
tessssssssssssssssssssssssssttttttttttttttttttttttt
tessssssssssssssssssssssssssttttttttttttttttttttttt
tessssssssssssssssssssssssssttttttttttttttttttttttt
redis-aoffffffffffffffffffffffffffffffffffffffffff1111111
redis-aoffffffffffffffffffffffffffffffffffffffffff222222222222
redis-aoffffffffffffffffffffffffffffffffffffffffffnewwwwwwwwwwwwwwwwwww
redis-aoffffffffffffffffffffffffffffffffffffffffffnewwwwwwwwwwwwwwwwwww1111111111111111111
redis-aoffffffffffffffffffffffffffffffffffffffffffnewwwwwwwwwwwwwwwwwww444444444444444444444444444444
uuuuuuuuuuuuuuuuuuuuuuuuuuuuuuuuuuuuuuuuuuuuuuuuuuuuuuuuu
ddddddddddddddddddddddddddddddddddddddd
9800000000000000000000000000000000000000000000000000000000000
999999999999999999999999999999999999999999
eeeeeeeeeeeeeeeeeeeeeeeeeeeeeeeeeeeeeeeeeeeeee
99999999999999999999999999999999999999
tessssssssssssssssssssssssssttttttttttttttttttttttt
tessssssssssssssssssssssssssttttttttttttttttttttttt
tessssssssssssssssssssssssssttttttttttttttttttttttt
tessssssssssssssssssssssssssttttttttttttttttttttttt
tessssssssssssssssssssssssssttttttttttttttttttttttt
tessssssssssssssssssssssssssttttttttttttttttttttttt
tessssssssssssssssssssssssssttttttttttttttttttttttt
tessssssssssssssssssssssssssttttttttttttttttttttttt
redis-aoffffffffffffffffffffffffffffffffffffffffff1111111
redis-aoffffffffffffffffffffffffffffffffffffffffff222222222222
redis-aoffffffffffffffffffffffffffffffffffffffffffnewwwwwwwwwwwwwwwwwww
redis-aoffffffffffffffffffffffffffffffffffffffffffnewwwwwwwwwwwwwwwwwww1111111111111111111
redis-aoffffffffffffffffffffffffffffffffffffffffffnewwwwwwwwwwwwwwwwwww444444444444444444444444444444
uuuuuuuuuuuuuuuuuuuuuuuuuuuuuuuuuuuuuuuuuuuuuuuuuuuuuuuuu
ddddddddddddddddddddddddddddddddddddddd
9800000000000000000000000000000000000000000000000000000000000
999999999999999999999999999999999999999999
eeeeeeeeeeeeeeeeeeeeeeeeeeeeeeeeeeeeeeeeeeeeee
99999999999999999999999999999999999999
tessssssssssssssssssssssssssttttttttttttttttttttttt
tessssssssssssssssssssssssssttttttttttttttttttttttt
tessssssssssssssssssssssssssttttttttttttttttttttttt
tessssssssssssssssssssssssssttttttttttttttttttttttt
tessssssssssssssssssssssssssttttttttttttttttttttttt
tessssssssssssssssssssssssssttttttttttttttttttttttt
tessssssssssssssssssssssssssttttttttttttttttttttttt
tessssssssssssssssssssssssssttttttttttttttttttttttt
